<?xml version="1.0" encoding="UTF-8"?>
<!-- Generated by org.testng.reporters.JUnitReportReporter -->
<testsuite ignored="0" hostname="erkans-MacBook-Air.local" failures="0" tests="12" name="com.examples.StoneWallTest" time="0.002" errors="0" timestamp="03 Jan 2023 13:30:26 GMT" skipped="0">
  <testcase classname="com.examples.StoneWallTest" name="verifySolution" time="0.000"/>
  <testcase classname="com.examples.StoneWallTest" name="verifySolution" time="0.000"/>
  <testcase classname="com.examples.StoneWallTest" name="verifySolution" time="0.000"/>
  <testcase classname="com.examples.StoneWallTest" name="verifySolution" time="0.000"/>
  <testcase classname="com.examples.StoneWallTest" name="verifySolution" time="0.000"/>
  <testcase classname="com.examples.StoneWallTest" name="verifySolution" time="0.001"/>
  <testcase classname="com.examples.StoneWallTest" name="verifySolution" time="0.001"/>
  <testcase classname="com.examples.StoneWallTest" name="verifySolution" time="0.000"/>
  <testcase classname="com.examples.StoneWallTest" name="verifySolution" time="0.000"/>
  <testcase classname="com.examples.StoneWallTest" name="verifySolution" time="0.000"/>
  <testcase classname="com.examples.StoneWallTest" name="verifySolution" time="0.000"/>
  <testcase classname="com.examples.StoneWallTest" name="verifySolution" time="0.000"/>
</testsuite> <!-- com.examples.StoneWallTest -->
