<?xml version="1.0" encoding="UTF-8"?>
<!-- Generated by org.testng.reporters.JUnitReportReporter -->
<testsuite ignored="0" hostname="erkans-MacBook-Air.local" failures="0" tests="1" name="com.examples.AppTest" time="0.001" errors="0" timestamp="03 Jan 2023 13:30:26 GMT" skipped="0">
  <testcase classname="com.examples.AppTest" name="shouldAnswerWithTrue" time="0.001"/>
</testsuite> <!-- com.examples.AppTest -->
